lines/iter5/bcorr/lba_low_SB000.ascii  0.00818474020377   10.152339871
lines/iter5/bcorr/lba_low_SB001.ascii  0.00599489475009   10.3502245022
lines/iter5/bcorr/lba_low_SB002.ascii  0.00355882123201   10.5461992723
lines/iter5/bcorr/lba_low_SB003.ascii  0.00353322039128   10.7392849136
lines/iter5/bcorr/lba_low_SB004.ascii  0.00271222202638   10.9358647914
lines/iter5/bcorr/lba_low_SB005.ascii  0.0022358976323   11.1307554114
lines/iter5/bcorr/lba_low_SB006.ascii  0.00284485581965   11.3263949849
lines/iter5/bcorr/lba_low_SB010.ascii  0.00852165858975   12.095471386
lines/iter5/bcorr/lba_low_SB011.ascii  0.00128399580481   12.3040768495
lines/iter5/bcorr/lba_low_SB012.ascii  0.00128167962305   12.4886876334
lines/iter5/bcorr/lba_low_SB013.ascii  0.00159080254261   12.6940814209
lines/iter5/bcorr/lba_low_SB014.ascii  0.00169921582884   12.9102901563
lines/iter5/bcorr/lba_low_SB015.ascii  0.00123368525331   13.090882087
lines/iter5/bcorr/lba_low_SB016.ascii  0.00130858405058   13.2811160102
lines/iter5/bcorr/lba_low_SB017.ascii  0.00216363593956   13.4920895627
lines/iter5/bcorr/lba_low_SB020.ascii  0.00244506234202   14.0649687927
lines/iter5/bcorr/lba_low_SB021.ascii  0.00215632555816   14.2529417466
lines/iter5/bcorr/lba_low_SB022.ascii  0.00142862774377   14.4527640479
lines/iter5/bcorr/lba_low_SB023.ascii  0.00136825004892   14.6463922568
lines/iter5/bcorr/lba_low_SB024.ascii  0.00109822881421   14.8438284072
lines/iter5/bcorr/lba_low_SB025.ascii  0.00284645733853   15.0272428957
lines/iter5/bcorr/lba_low_SB028.ascii  0.00137749587586   15.6273664076
lines/iter5/bcorr/lba_low_SB029.ascii  0.00118028840121   15.8186985759
lines/iter5/bcorr/lba_low_SB030.ascii  0.000635949323335   16.0171040742
lines/iter5/bcorr/lba_low_SB031.ascii  0.000596946109061   16.2126079201
lines/iter5/bcorr/lba_low_SB032.ascii  0.000581790254187   16.4061112763
lines/iter5/bcorr/lba_low_SB033.ascii  0.000617571636883   16.6009253046
lines/iter5/bcorr/lba_low_SB034.ascii  0.000667867285887   16.7958677143
lines/iter5/bcorr/lba_low_SB035.ascii  0.000621430306848   16.9922230534
lines/iter5/bcorr/lba_low_SB036.ascii  0.000644135668317   17.1966805488
lines/iter5/bcorr/lba_low_SB037.ascii  0.000521508479115   17.3822329434
lines/iter5/bcorr/lba_low_SB038.ascii  0.000925131355713   17.5779369611
lines/iter5/bcorr/lba_low_SB039.ascii  0.00109015328714   17.7645663474
lines/iter5/bcorr/lba_low_SB040.ascii  0.00064281442808   17.9776877708
lines/iter5/bcorr/lba_low_SB041.ascii  0.000684187816266   18.1551075448
lines/iter5/bcorr/lba_low_SB042.ascii  0.000592853545166   18.3595898548
lines/iter5/bcorr/lba_low_SB043.ascii  0.000511862613452   18.5558651372
lines/iter5/bcorr/lba_low_SB044.ascii  0.000510571265926   18.7489378631
lines/iter5/bcorr/lba_low_SB045.ascii  0.000598648904397   18.9456986564
lines/iter5/bcorr/lba_low_SB046.ascii  0.000604506026341   19.1382020568
lines/iter5/bcorr/lba_low_SB047.ascii  0.000562604443067   19.3368290829
lines/iter5/bcorr/lba_low_SB048.ascii  0.000459592354043   19.5308151294
lines/iter5/bcorr/lba_low_SB049.ascii  0.00094084490377   19.7255736043
lines/iter5/bcorr/lba_low_SB050.ascii  0.000936922639166   19.9197861659
lines/iter5/bcorr/lba_low_SB051.ascii  0.000971036562437   20.1172556412
lines/iter5/bcorr/lba_low_SB052.ascii  0.000865578721189   20.3115147766
lines/iter5/bcorr/lba_low_SB053.ascii  0.00072285630516   20.5077271807
lines/iter5/bcorr/lba_low_SB054.ascii  0.000762718532033   20.7028918059
lines/iter5/bcorr/lba_low_SB055.ascii  0.000756946419964   20.8979256719
lines/iter5/bcorr/lba_low_SB056.ascii  0.000781335162492   21.0951360048
lines/iter5/bcorr/lba_low_SB057.ascii  0.000632358034475   21.2881936903
lines/iter5/bcorr/lba_low_SB058.ascii  0.000885428197335   21.4810077667
lines/iter5/bcorr/lba_low_SB060.ascii  0.000782600986856   21.8747891836
lines/iter5/bcorr/lba_low_SB061.ascii  0.000383741729894   22.0701772169
lines/iter5/bcorr/lba_low_SB062.ascii  0.000403513794496   22.2656440783
lines/iter5/bcorr/lba_low_SB063.ascii  0.000384202664451   22.4587072755
lines/iter5/bcorr/lba_low_SB064.ascii  0.000401249219445   22.6568303198
lines/iter5/bcorr/lba_low_SB065.ascii  0.000386958545934   22.8505898822
lines/iter5/bcorr/lba_low_SB066.ascii  0.00049790999778   23.0471610346
lines/iter5/bcorr/lba_low_SB067.ascii  0.000342228699407   23.2409698445
lines/iter5/bcorr/lba_low_SB068.ascii  0.000372613257096   23.4361582398
lines/iter5/bcorr/lba_low_SB069.ascii  0.00067598611942   23.6309273223
lines/iter5/bcorr/lba_low_SB070.ascii  0.000575414445754   23.8273049645
lines/iter5/bcorr/lba_low_SB071.ascii  0.000841030130603   24.0229677953
lines/iter5/bcorr/lba_low_SB072.ascii  0.000802302753134   24.2171296243
lines/iter5/bcorr/lba_low_SB073.ascii  0.00072368635119   24.4136011556
lines/iter5/bcorr/lba_low_SB074.ascii  0.000753807597042   24.6087048265
lines/iter5/bcorr/lba_low_SB075.ascii  0.000858444056067   24.802439449
lines/iter5/bcorr/lba_low_SB076.ascii  0.000621442447837   24.9881882592
lines/iter5/bcorr/lba_low_SB077.ascii  0.000516219628398   25.1950221359
lines/iter5/bcorr/lba_low_SB078.ascii  0.000405416961369   25.389871945
lines/iter5/bcorr/lba_low_SB079.ascii  0.000446953130887   25.584990944
lines/iter5/bcorr/lba_low_SB080.ascii  0.000464201268357   25.78088063
lines/iter5/bcorr/lba_low_SB081.ascii  0.000511748254947   25.9757469156
lines/iter5/bcorr/lba_low_SB082.ascii  0.000396967777415   26.1771744684
lines/iter5/bcorr/lba_low_SB083.ascii  0.000362048762357   26.3624408659
lines/iter5/bcorr/lba_low_SB084.ascii  0.000549962414378   26.5672913677
lines/iter5/bcorr/lba_low_SB085.ascii  0.000353739780926   26.7580919479
lines/iter5/bcorr/lba_low_SB086.ascii  0.000574193521833   26.9399440667
lines/iter5/bcorr/lba_low_SB087.ascii  0.000595674415232   27.1492673907
lines/iter5/bcorr/lba_low_SB088.ascii  0.000590162485955   27.3378038295
lines/iter5/bcorr/lba_low_SB089.ascii  0.000340871377611   27.5384077779
lines/iter5/bcorr/lba_low_SB090.ascii  0.000452601420122   27.7346258535
lines/iter5/bcorr/lba_low_SB091.ascii  0.000389828770576   27.9313889852
lines/iter5/bcorr/lba_low_SB092.ascii  0.000469725559086   28.1256158669
lines/iter5/bcorr/lba_low_SB093.ascii  0.00043080073716   28.3185198249
lines/iter5/bcorr/lba_low_SB094.ascii  0.000384738033936   28.5057706302
lines/iter5/bcorr/lba_low_SB095.ascii  0.000362521155111   28.7107856468
lines/iter5/bcorr/lba_low_SB096.ascii  0.000369633223177   28.9053221022
lines/iter5/bcorr/lba_low_SB097.ascii  0.000340635779265   29.1007544795
lines/iter5/bcorr/lba_low_SB098.ascii  0.000346188803816   29.2959498182
lines/iter5/bcorr/lba_low_SB099.ascii  0.000364598844038   29.491333744
lines/iter5/bcorr/lba_low_SB100.ascii  0.00037835523035   29.7000310324
lines/iter5/bcorr/lba_low_SB101.ascii  0.000386714387782   29.8831910895
lines/iter5/bcorr/lba_low_SB102.ascii  0.000310912366642   30.0772754328
lines/iter5/bcorr/lba_low_SB103.ascii  0.000314213358314   30.2737856999
lines/iter5/bcorr/lba_low_SB104.ascii  0.000292766180599   30.4676331959
lines/iter5/bcorr/lba_low_SB105.ascii  0.000320684002436   30.6667264213
lines/iter5/bcorr/lba_low_SB106.ascii  0.000367632039574   30.8585905792
lines/iter5/bcorr/lba_low_SB107.ascii  0.000437830463163   31.0540598382
lines/iter5/bcorr/lba_low_SB108.ascii  0.000354360017969   31.2491986707
lines/iter5/bcorr/lba_low_SB109.ascii  0.000330282071415   31.4442578347
lines/iter5/bcorr/lba_low_SB110.ascii  0.000315102332152   31.6397991573
lines/iter5/bcorr/lba_low_SB111.ascii  0.000273888039218   31.8347914537
lines/iter5/bcorr/lba_low_SB112.ascii  0.0002292652408   32.0299038483
lines/iter5/bcorr/lba_low_SB113.ascii  0.000225334854953   32.225724369
lines/iter5/bcorr/lba_low_SB114.ascii  0.000223674866329   32.4172772732
lines/iter5/bcorr/lba_low_SB115.ascii  0.000292978915625   32.6201428352
lines/iter5/bcorr/lba_low_SB116.ascii  0.000215026106557   32.8113415378
lines/iter5/bcorr/lba_low_SB117.ascii  0.000237875807163   33.0064523022
lines/iter5/bcorr/lba_low_SB118.ascii  0.000266803663912   33.2021850208
lines/iter5/bcorr/lba_low_SB119.ascii  0.000227049661527   33.3971585604
lines/iter5/bcorr/lba_low_SB120.ascii  0.000243202594858   33.5928201577
lines/iter5/bcorr/lba_mid_SB000.ascii  0.000558247516502   33.0077605198
lines/iter5/bcorr/lba_mid_SB001.ascii  0.000631038636468   33.2034106597
lines/iter5/bcorr/lba_mid_SB002.ascii  0.00052807801152   33.3986162995
lines/iter5/bcorr/lba_mid_SB003.ascii  0.000523461292364   33.5938810943
lines/iter5/bcorr/lba_mid_SB004.ascii  0.000525415724954   33.7892491338
lines/iter5/bcorr/lba_mid_SB005.ascii  0.000531368791477   33.984565551
lines/iter5/bcorr/lba_mid_SB006.ascii  0.000542620573935   34.1798819681
lines/iter5/bcorr/lba_mid_SB007.ascii  0.00052704445643   34.3751979285
lines/iter5/bcorr/lba_mid_SB008.ascii  0.00054559138061   34.5705148025
lines/iter5/bcorr/lba_mid_SB009.ascii  0.000551936294639   34.7658312196
lines/iter5/bcorr/lba_mid_SB010.ascii  0.000563037709607   34.9611014965
lines/iter5/bcorr/lba_mid_SB011.ascii  0.000562031762841   35.1563852895
lines/iter5/bcorr/lba_mid_SB013.ascii  0.000493977013863   35.5466702237
lines/iter5/bcorr/lba_mid_SB014.ascii  0.000501762102817   35.7421469753
lines/iter5/bcorr/lba_mid_SB015.ascii  0.000527631049346   35.9377297226
lines/iter5/bcorr/lba_mid_SB016.ascii  0.000515259361288   36.1330461398
lines/iter5/bcorr/lba_mid_SB017.ascii  0.000549388349204   36.3283625569
lines/iter5/bcorr/lba_mid_SB019.ascii  0.000556822603713   36.7189953913
lines/iter5/bcorr/lba_mid_SB020.ascii  0.000552903275858   36.914425378
lines/iter5/bcorr/lba_mid_SB021.ascii  0.000531906433416   37.1095903106
lines/iter5/bcorr/lba_mid_SB022.ascii  0.000549617430609   37.3049446451
lines/iter5/bcorr/lba_mid_SB023.ascii  0.000515543418052   37.5002606055
lines/iter5/bcorr/lba_mid_SB024.ascii  0.000543084343455   37.6955774794
lines/iter5/bcorr/lba_mid_SB025.ascii  0.000548021539598   37.8907289769
lines/iter5/bcorr/lba_mid_SB026.ascii  0.000520932890237   38.0862103138
lines/iter5/bcorr/lba_mid_SB027.ascii  0.000518896431192   38.281526731
lines/iter5/bcorr/lba_mid_SB028.ascii  0.000536135680894   38.4768431481
lines/iter5/bcorr/lba_mid_SB029.ascii  0.000554855175336   38.6721595653
lines/iter5/bcorr/lba_mid_SB030.ascii  0.000542216947359   38.8674759825
lines/iter5/bcorr/lba_mid_SB031.ascii  0.000535008048264   39.0627923972
lines/iter5/bcorr/lba_mid_SB032.ascii  0.000567226311698   39.258052949
lines/iter5/bcorr/lba_mid_SB033.ascii  0.000501004530286   39.4470453008
lines/iter5/bcorr/lba_mid_SB034.ascii  0.00119005342925   39.6487375397
lines/iter5/bcorr/lba_mid_SB035.ascii  0.000534686582627   39.8437007071
lines/iter5/bcorr/lba_mid_SB036.ascii  0.000576501947068   40.0393744855
lines/iter5/bcorr/lba_mid_SB037.ascii  0.000562226190242   40.2346909027
lines/iter5/bcorr/lba_mid_SB038.ascii  0.000523276405394   40.4299602659
lines/iter5/bcorr/lba_mid_SB040.ascii  0.000586643583011   40.8206401542
lines/iter5/bcorr/lba_mid_SB041.ascii  0.000607365141819   41.0159565714
lines/iter5/bcorr/lba_mid_SB042.ascii  0.000543326665453   41.2112729886
lines/iter5/bcorr/lba_mid_SB043.ascii  0.000546750367675   41.4065894058
lines/iter5/bcorr/lba_mid_SB044.ascii  0.000538744237117   41.6019058229
lines/iter5/bcorr/lba_mid_SB045.ascii  0.000582266234538   41.7972222401
lines/iter5/bcorr/lba_mid_SB046.ascii  0.000537845462727   41.9925386573
lines/iter5/bcorr/lba_mid_SB047.ascii  0.000556113229097   42.1878550745
lines/iter5/bcorr/lba_mid_SB048.ascii  0.000565563379623   42.3831714917
lines/iter5/bcorr/lba_mid_SB049.ascii  0.000545943744968   42.5784879088
lines/iter5/bcorr/lba_mid_SB050.ascii  0.000620871214408   42.773804326
lines/iter5/bcorr/lba_mid_SB051.ascii  0.000574880622849   42.9691207432
lines/iter5/bcorr/lba_mid_SB052.ascii  0.000597394783925   43.1644371577
lines/iter5/bcorr/lba_mid_SB053.ascii  0.000567285852614   43.3597535748
lines/iter5/bcorr/lba_mid_SB054.ascii  0.000561826408385   43.555069992
lines/iter5/bcorr/lba_mid_SB055.ascii  0.00062381125577   43.7503864091
lines/iter5/bcorr/lba_mid_SB056.ascii  0.000499032402757   43.945702829
lines/iter5/bcorr/lba_mid_SB057.ascii  0.000631638697965   44.1410192435
lines/iter5/bcorr/lba_mid_SB058.ascii  0.00282935512921   44.3363356606
lines/iter5/bcorr/lba_mid_SB059.ascii  0.000505553863808   44.5310860862
lines/iter5/bcorr/lba_mid_SB060.ascii  0.000547379312694   44.726968495
lines/iter5/bcorr/lba_mid_SB061.ascii  0.000577947382354   44.9222849121
lines/iter5/bcorr/lba_mid_SB062.ascii  0.000557662003917   45.1176013293
lines/iter5/bcorr/lba_mid_SB063.ascii  0.000600165376359   45.3126680619
lines/iter5/bcorr/lba_mid_SB065.ascii  0.000549978158353   45.7035505808
lines/iter5/bcorr/lba_mid_SB066.ascii  0.00056819345925   45.8988669979
lines/iter5/bcorr/lba_mid_SB067.ascii  0.000579613659546   46.0941834151
lines/iter5/bcorr/lba_mid_SB068.ascii  0.000597855786567   46.2894998352
lines/iter5/bcorr/lba_mid_SB069.ascii  0.000542896891684   46.4848162494
lines/iter5/bcorr/lba_mid_SB071.ascii  0.00064844787896   46.8752686371
lines/iter5/bcorr/lba_mid_SB072.ascii  0.000602476061954   47.0707655039
lines/iter5/bcorr/lba_mid_SB073.ascii  0.000611055566889   47.266081921
lines/iter5/bcorr/lba_mid_SB074.ascii  0.000595881849387   47.4613983382
lines/iter5/bcorr/lba_mid_SB075.ascii  0.000606874368578   47.6567147554
lines/iter5/bcorr/lba_mid_SB076.ascii  0.000621383038632   47.8520311726
lines/iter5/bcorr/lba_mid_SB077.ascii  0.000592260772418   48.0473475867
lines/iter5/bcorr/lba_mid_SB078.ascii  0.000604080786205   48.2426640069
lines/iter5/bcorr/lba_mid_SB079.ascii  0.000650233883986   48.4379804241
lines/iter5/bcorr/lba_mid_SB080.ascii  0.000641593532927   48.6332968413
lines/iter5/bcorr/lba_mid_SB081.ascii  0.00061412851827   48.8286132584
lines/iter5/bcorr/lba_mid_SB082.ascii  0.000615962478697   49.0239296756
lines/iter5/bcorr/lba_mid_SB083.ascii  0.00062759788104   49.2192460928
lines/iter5/bcorr/lba_mid_SB084.ascii  0.000654569703036   49.41456251
lines/iter5/bcorr/lba_mid_SB085.ascii  0.000642562263555   49.6098789272
lines/iter5/bcorr/lba_mid_SB086.ascii  0.000740659044511   49.8051953443
lines/iter5/bcorr/lba_mid_SB087.ascii  0.000609147768242   50.0005113047
lines/iter5/bcorr/lba_mid_SB088.ascii  0.000630001471715   50.1958281787
lines/iter5/bcorr/lba_mid_SB089.ascii  0.00065350912972   50.3911445958
lines/iter5/bcorr/lba_mid_SB090.ascii  0.000691361638593   50.586461013
lines/iter5/bcorr/lba_mid_SB091.ascii  0.000626474251607   50.7817774302
lines/iter5/bcorr/lba_mid_SB092.ascii  0.000634592355254   50.9770938474
lines/iter5/bcorr/lba_mid_SB093.ascii  0.000664873696114   51.1724102646
lines/iter5/bcorr/lba_mid_SB094.ascii  0.000640720681111   51.3677266817
lines/iter5/bcorr/lba_mid_SB095.ascii  0.000663267001631   51.5630430989
lines/iter5/bcorr/lba_mid_SB096.ascii  0.000633712840643   51.7583595161
lines/iter5/bcorr/lba_mid_SB097.ascii  0.000686304365895   51.9536759333
lines/iter5/bcorr/lba_mid_SB098.ascii  0.00063691533367   52.1489923504
lines/iter5/bcorr/lba_mid_SB099.ascii  0.000656749116858   52.3443087676
lines/iter5/bcorr/lba_mid_SB100.ascii  0.000640915265773   52.5396251848
lines/iter5/bcorr/lba_mid_SB101.ascii  0.0007250630474   52.734941602
lines/iter5/bcorr/lba_mid_SB102.ascii  0.000670359870723   52.9302580191
lines/iter5/bcorr/lba_mid_SB103.ascii  0.000627515997904   53.1255744363
lines/iter5/bcorr/lba_mid_SB104.ascii  0.000683097513992   53.3208908501
lines/iter5/bcorr/lba_mid_SB105.ascii  0.000718489772077   53.5162072673
lines/iter5/bcorr/lba_mid_SB106.ascii  0.0007033824732   53.7115236845
lines/iter5/bcorr/lba_mid_SB107.ascii  0.000732832720067   53.9068401016
lines/iter5/bcorr/lba_mid_SB108.ascii  0.000727963984054   54.1021565222
lines/iter5/bcorr/lba_mid_SB109.ascii  0.000754005472396   54.2976405943
lines/iter5/bcorr/lba_mid_SB111.ascii  0.000745292638177   54.6881057703
lines/iter5/bcorr/lba_mid_SB112.ascii  0.000799250807505   54.8834221874
lines/iter5/bcorr/lba_mid_SB113.ascii  0.000891212537868   55.0787386046
lines/iter5/bcorr/lba_mid_SB115.ascii  0.000842846142415   55.4693714389
lines/iter5/bcorr/lba_mid_SB117.ascii  0.000881516316172   55.8600042733
lines/iter5/bcorr/lba_mid_SB118.ascii  0.000926945934981   56.0553206904
lines/iter5/bcorr/lba_mid_SB119.ascii  0.000922597767429   56.2506371076
lines/iter5/bcorr/lba_mid_SB120.ascii  0.00096423181988   56.4459535248
lines/iter0/bcorr/lba_hgh_SB000.ascii  0.000348707000413   56.053412537
lines/iter0/bcorr/lba_hgh_SB001.ascii  0.000384945113581   56.2487205943
lines/iter0/bcorr/lba_hgh_SB002.ascii  0.00039778917337   56.4411676915
lines/iter0/bcorr/lba_hgh_SB003.ascii  0.00041912484596   56.6395274354
lines/iter0/bcorr/lba_hgh_SB004.ascii  0.000315673734215   56.8346447637
lines/iter0/bcorr/lba_hgh_SB005.ascii  0.000298308742747   57.029952821
lines/iter0/bcorr/lba_hgh_SB006.ascii  0.000352411576683   57.2252608783
lines/iter0/bcorr/lba_hgh_SB007.ascii  0.000505835925938   57.4205689356
lines/iter0/bcorr/lba_hgh_SB008.ascii  0.000545185249742   57.6158769976
lines/iter0/bcorr/lba_hgh_SB009.ascii  0.000419495384726   57.8111850549
lines/iter0/bcorr/lba_hgh_SB010.ascii  0.000327548036643   58.0064931098
lines/iter0/bcorr/lba_hgh_SB011.ascii  0.000311954883511   58.2018011671
lines/iter0/bcorr/lba_hgh_SB012.ascii  0.000342433298424   58.3971092267
lines/iter0/bcorr/lba_hgh_SB013.ascii  0.000445032198333   58.592417284
lines/iter0/bcorr/lba_hgh_SB014.ascii  0.000526745041729   58.7877253389
lines/iter0/bcorr/lba_hgh_SB015.ascii  0.000355527377342   58.9610993849
lines/iter0/bcorr/lba_hgh_SB016.ascii  0.000315722233203   59.1600313282
lines/iter0/bcorr/lba_hgh_SB017.ascii  0.000343089401359   59.3536228089
lines/iter0/bcorr/lba_hgh_SB018.ascii  0.000455633010891   59.5689575704
lines/iter0/bcorr/lba_hgh_SB019.ascii  0.000382696601267   59.7642656277
lines/iter0/bcorr/lba_hgh_SB020.ascii  0.00032928672242   59.9594806029
lines/iter0/bcorr/lba_hgh_SB021.ascii  0.000311200860741   60.1548817446
lines/iter0/bcorr/lba_hgh_SB022.ascii  0.000342120297007   60.3501897995
lines/iter0/bcorr/lba_hgh_SB023.ascii  0.00044567196231   60.5454978544
lines/iter0/bcorr/lba_hgh_SB024.ascii  0.000455875679933   60.7408059189
lines/iter0/bcorr/lba_hgh_SB025.ascii  0.000334392693361   60.9361139761
lines/iter0/bcorr/lba_hgh_SB026.ascii  0.000337079196888   61.131422031
lines/iter0/bcorr/lba_hgh_SB027.ascii  0.000339137613041   61.3267300859
lines/iter0/bcorr/lba_hgh_SB028.ascii  0.000330071403665   61.5220381504
lines/iter0/bcorr/lba_hgh_SB029.ascii  0.000410016205754   61.7173462076
lines/iter0/bcorr/lba_hgh_SB030.ascii  0.000416089167506   61.9126542625
lines/iter0/bcorr/lba_hgh_SB031.ascii  0.000293091847945   62.1079623174
lines/iter0/bcorr/lba_hgh_SB032.ascii  0.00037145925017   62.3032703795
lines/iter0/bcorr/lba_hgh_SB033.ascii  0.000335045608538   62.4985784368
lines/iter0/bcorr/lba_hgh_SB034.ascii  0.00030721238389   62.6938864916
lines/iter0/bcorr/lba_hgh_SB035.ascii  0.000363414112396   62.8891945465
lines/iter0/bcorr/lba_hgh_SB036.ascii  0.00044559441198   63.084502611
lines/iter0/bcorr/lba_hgh_SB037.ascii  0.000477795488684   63.2798106683
lines/iter0/bcorr/lba_hgh_SB038.ascii  0.000489632668398   63.4751187232
lines/iter0/bcorr/lba_hgh_SB039.ascii  0.000509422705347   63.670426778
lines/iter0/bcorr/lba_hgh_SB040.ascii  0.000406214911552   63.8657348377
lines/iter0/bcorr/lba_hgh_SB041.ascii  0.000312346420436   64.0610428974
lines/iter0/bcorr/lba_hgh_SB042.ascii  0.000379630718901   64.2563509523
lines/iter0/bcorr/lba_hgh_SB043.ascii  0.000368669436892   64.4516590072
lines/iter0/bcorr/lba_hgh_SB044.ascii  0.000346614286375   64.6469670716
lines/iter0/bcorr/lba_hgh_SB045.ascii  0.000430110609277   64.8422751289
lines/iter0/bcorr/lba_hgh_SB046.ascii  0.00039464727261   65.0375831862
lines/iter0/bcorr/lba_hgh_SB047.ascii  0.000356909316856   65.2328912411
lines/iter0/bcorr/lba_hgh_SB048.ascii  0.000383983194772   65.4281993007
lines/iter0/bcorr/lba_hgh_SB049.ascii  0.000369819678464   65.623507358
lines/iter0/bcorr/lba_hgh_SB050.ascii  0.000337510068842   65.8188154129
lines/iter0/bcorr/lba_hgh_SB051.ascii  0.00038384885443   66.0141234678
lines/iter0/bcorr/lba_hgh_SB052.ascii  0.000365786932237   66.2094315322
lines/iter0/bcorr/lba_hgh_SB053.ascii  0.000362666031373   66.4047395895
lines/iter0/bcorr/lba_hgh_SB054.ascii  0.000352386697985   66.5681956508
lines/iter0/bcorr/lba_hgh_SB055.ascii  0.000334404546634   66.7379458051
lines/iter0/bcorr/lba_hgh_SB056.ascii  0.000357793321947   66.9879935333
lines/iter0/bcorr/lba_hgh_SB057.ascii  0.000358795739573   67.1831108614
lines/iter0/bcorr/lba_hgh_SB058.ascii  0.000363534993508   67.3784189158
lines/iter0/bcorr/lba_hgh_SB059.ascii  0.000339916465976   67.5659070193
lines/iter0/bcorr/lba_hgh_SB060.ascii  0.000422239125514   67.7718959928
lines/iter0/bcorr/lba_hgh_SB061.ascii  0.000496395890758   67.9672040501
lines/iter0/bcorr/lba_hgh_SB062.ascii  0.000414387447252   68.1625121074
lines/iter0/bcorr/lba_hgh_SB063.ascii  0.000379083494534   68.3578201647
lines/iter0/bcorr/lba_hgh_SB064.ascii  0.000403122926286   68.5531282243
lines/iter0/bcorr/lba_hgh_SB065.ascii  0.000409601927672   68.7484362792
lines/iter0/bcorr/lba_hgh_SB066.ascii  0.000381047092786   68.9437954378
lines/iter0/bcorr/lba_hgh_SB067.ascii  0.000586996974203   69.139052389
lines/iter0/bcorr/lba_hgh_SB068.ascii  0.000459857940891   69.3343604535
lines/iter0/bcorr/lba_hgh_SB069.ascii  0.000361227092338   69.5296685107
lines/iter0/bcorr/lba_hgh_SB070.ascii  0.000408525380613   69.724976568
lines/iter0/bcorr/lba_hgh_SB071.ascii  0.000436386234013   69.9200975455
lines/iter0/bcorr/lba_hgh_SB072.ascii  0.000419634125843   70.115592685
lines/iter0/bcorr/lba_hgh_SB073.ascii  0.000421334150117   70.2588313014
lines/iter0/bcorr/lba_hgh_SB074.ascii  0.000426872862824   70.4529949786
lines/iter0/bcorr/lba_hgh_SB075.ascii  0.000383717670751   70.6656595108
lines/iter0/bcorr/lba_hgh_SB076.ascii  0.000364039058888   70.8556271182
lines/iter0/bcorr/lba_hgh_SB077.ascii  0.000421484590887   71.0396820833
lines/iter0/bcorr/lba_hgh_SB078.ascii  0.000435810738107   71.2378510943
lines/iter0/bcorr/lba_hgh_SB079.ascii  0.000445580767213   71.4486083208
lines/iter0/bcorr/lba_hgh_SB080.ascii  0.000419528159413   71.6248433286
lines/iter0/bcorr/lba_hgh_SB081.ascii  0.000421302222673   71.8733652029
lines/iter0/bcorr/lba_hgh_SB082.ascii  0.000478453542528   72.0686732578
lines/iter0/bcorr/lba_hgh_SB083.ascii  0.000532651696863   72.2639813126
lines/iter0/bcorr/lba_hgh_SB084.ascii  0.000472711397845   72.4592893747
lines/iter0/bcorr/lba_hgh_SB085.ascii  0.000446386992065   72.654597432
lines/iter0/bcorr/lba_hgh_SB086.ascii  0.000500035903824   72.8499054869
lines/iter0/bcorr/lba_hgh_SB087.ascii  0.000444713568121   73.0452135465
lines/iter0/bcorr/lba_hgh_SB088.ascii  0.000507955954782   73.2405216086
lines/iter0/bcorr/lba_hgh_SB089.ascii  0.00051135416497   73.4358296635
lines/iter0/bcorr/lba_hgh_SB090.ascii  0.000486106057011   73.631137716
lines/iter0/bcorr/lba_hgh_SB091.ascii  0.000484078984102   73.8264457733
lines/iter0/bcorr/lba_hgh_SB092.ascii  0.000519315047367   74.0217538353
lines/iter0/bcorr/lba_hgh_SB093.ascii  0.000590904123257   74.2170618926
lines/iter0/bcorr/lba_hgh_SB094.ascii  0.000508358316844   74.3826159848
lines/iter0/bcorr/lba_hgh_SB095.ascii  0.000486635068081   74.5802128109
lines/iter0/bcorr/lba_hgh_SB096.ascii  0.000514921929095   74.7722784535
lines/iter0/bcorr/lba_hgh_SB097.ascii  0.000593605693956   74.9982941241
lines/iter0/bcorr/lba_hgh_SB098.ascii  0.000569573371218   75.193602179
lines/iter0/bcorr/lba_hgh_SB099.ascii  0.00073477831115   75.3889102363
lines/iter0/bcorr/lba_hgh_SB100.ascii  0.000674784992139   75.5842182983
lines/iter0/bcorr/lba_hgh_SB101.ascii  0.000564756634241   75.7795263532
lines/iter0/bcorr/lba_hgh_SB102.ascii  0.000603828788041   75.9748344081
lines/iter0/bcorr/lba_hgh_SB103.ascii  0.000625732074111   76.1701424654
lines/iter0/bcorr/lba_hgh_SB104.ascii  0.000646830168883   76.3654505298
lines/iter0/bcorr/lba_hgh_SB105.ascii  0.000631370838734   76.5607585847
lines/iter0/bcorr/lba_hgh_SB106.ascii  0.000607353112791   76.7560666396
lines/iter0/bcorr/lba_hgh_SB107.ascii  0.000657544051457   76.9513746969
lines/iter0/bcorr/lba_hgh_SB108.ascii  0.000806348209011   77.1466827589
lines/iter0/bcorr/lba_hgh_SB109.ascii  0.000933768706253   77.3419908138
lines/iter0/bcorr/lba_hgh_SB110.ascii  0.000733062396868   77.5372988687
lines/iter0/bcorr/lba_hgh_SB111.ascii  0.000791126554688   77.732606926
lines/iter0/bcorr/lba_hgh_SB112.ascii  0.000801718763707   77.9279149905
lines/iter0/bcorr/lba_hgh_SB113.ascii  0.000844957322779   78.1232230453
lines/iter0/bcorr/lba_hgh_SB114.ascii  0.000868878180764   78.3185311002
lines/iter0/bcorr/lba_hgh_SB115.ascii  0.000924553030485   78.5138391599
lines/iter0/bcorr/lba_hgh_SB116.ascii  0.000919276238293   78.709147222
lines/iter0/bcorr/lba_hgh_SB117.ascii  0.00100920717542   78.9044552768
lines/iter0/bcorr/lba_hgh_SB118.ascii  0.0010242387058   79.0997633294
lines/iter0/bcorr/lba_hgh_SB119.ascii  0.00129472756619   79.2950713866
lines/iter0/bcorr/lba_hgh_SB120.ascii  0.00155966386364   79.4903794487
lines/iter0/bcorr/lba_hgh_SB121.ascii  0.00189945596551   79.685687506
